c:\users\nathan\documents\github\switch_toolbox\switch-toolbox - copy\switch_toolbox\lib\directxtex\release\vc141.pdb
c:\users\nathan\documents\github\switch_toolbox\switch-toolbox - copy\switch_toolbox\lib\directxtex\release\directxtexutil.obj
c:\users\nathan\documents\github\switch_toolbox\switch-toolbox - copy\switch_toolbox\lib\directxtex\release\directxtexmipmaps.obj
c:\users\nathan\documents\github\switch_toolbox\switch-toolbox - copy\switch_toolbox\lib\directxtex\release\directxteximage.obj
c:\users\nathan\documents\github\switch_toolbox\switch-toolbox - copy\switch_toolbox\lib\directxtex\release\directxtexdds.obj
c:\users\nathan\documents\github\switch_toolbox\switch-toolbox - copy\switch_toolbox\lib\directxtex\release\directxtexconvert.obj
c:\users\nathan\documents\github\switch_toolbox\switch-toolbox - copy\switch_toolbox\lib\directxtex\release\directxtexcompress.obj
c:\users\nathan\documents\github\switch_toolbox\switch-toolbox - copy\switch_toolbox\lib\directxtex\release\bc6hbc7.obj
c:\users\nathan\documents\github\switch_toolbox\switch-toolbox - copy\switch_toolbox\lib\directxtex\release\bc4bc5.obj
c:\users\nathan\documents\github\switch_toolbox\switch-toolbox - copy\switch_toolbox\lib\directxtex\release\bc.obj
c:\users\nathan\documents\github\switch_toolbox\switch-toolbox - copy\switch_toolbox\lib\directxtex\release\wrapper.obj
c:\users\nathan\documents\github\switch_toolbox\switch-toolbox - copy\switch_toolbox\lib\directxtex\release\.netframework,version=v4.6.assemblyattributes.obj
c:\users\nathan\documents\github\switch_toolbox\switch-toolbox - copy\switch_toolbox\lib\directxtex\release\.netframework,version=v4.6.assemblyattributes.asm
c:\users\nathan\documents\github\switch_toolbox\switch-toolbox - copy\release\directxtex.ipdb
c:\users\nathan\documents\github\switch_toolbox\switch-toolbox - copy\release\directxtex.iobj
c:\users\nathan\documents\github\switch_toolbox\switch-toolbox - copy\release\directxtex.dll
c:\users\nathan\documents\github\switch_toolbox\switch-toolbox - copy\switch_toolbox\lib\directxtex\release\directxtex.tlog\cl.command.1.tlog
c:\users\nathan\documents\github\switch_toolbox\switch-toolbox - copy\switch_toolbox\lib\directxtex\release\directxtex.tlog\cl.read.1.tlog
c:\users\nathan\documents\github\switch_toolbox\switch-toolbox - copy\switch_toolbox\lib\directxtex\release\directxtex.tlog\cl.write.1.tlog
c:\users\nathan\documents\github\switch_toolbox\switch-toolbox - copy\switch_toolbox\lib\directxtex\release\directxtex.tlog\directxtex.write.1u.tlog
c:\users\nathan\documents\github\switch_toolbox\switch-toolbox - copy\switch_toolbox\lib\directxtex\release\directxtex.tlog\link.command.1.tlog
c:\users\nathan\documents\github\switch_toolbox\switch-toolbox - copy\switch_toolbox\lib\directxtex\release\directxtex.tlog\link.read.1.tlog
c:\users\nathan\documents\github\switch_toolbox\switch-toolbox - copy\switch_toolbox\lib\directxtex\release\directxtex.tlog\link.write.1.tlog
c:\users\nathan\documents\github\switch_toolbox\switch-toolbox - copy\switch_toolbox\lib\directxtex\release\directxtex.tlog\metagen.read.1.tlog
c:\users\nathan\documents\github\switch_toolbox\switch-toolbox - copy\switch_toolbox\lib\directxtex\release\directxtex.tlog\metagen.write.1.tlog
